2023-08-31T16:38:46.512+03:00  INFO 8340 --- [restartedMain] c.r.ATMProject.AtmProjectApplication     : Starting AtmProjectApplication using Java 17.0.7 with PID 8340 (C:\Users\Rustem\Desktop\ATMProject\target\classes started by Rustem in C:\Users\Rustem\Desktop\ATMProject)
2023-08-31T16:38:46.519+03:00  INFO 8340 --- [restartedMain] c.r.ATMProject.AtmProjectApplication     : No active profile set, falling back to 1 default profile: "default"
2023-08-31T16:38:46.668+03:00  INFO 8340 --- [restartedMain] .e.DevToolsPropertyDefaultsPostProcessor : Devtools property defaults active! Set 'spring.devtools.add-properties' to 'false' to disable
2023-08-31T16:38:46.675+03:00  INFO 8340 --- [restartedMain] .e.DevToolsPropertyDefaultsPostProcessor : For additional web related logging consider setting the 'logging.level.web' property to 'DEBUG'
2023-08-31T16:38:46.707+03:00  INFO 8340 --- [restartedMain] .s.b.d.c.l.DockerComposeLifecycleManager : Using Docker Compose file 'C:\Users\Rustem\Desktop\ATMProject\compose.yaml'
2023-08-31T16:38:49.698+03:00  INFO 8340 --- [restartedMain] .s.d.r.c.RepositoryConfigurationDelegate : Bootstrapping Spring Data JPA repositories in DEFAULT mode.
2023-08-31T16:38:49.849+03:00  INFO 8340 --- [restartedMain] .s.d.r.c.RepositoryConfigurationDelegate : Finished Spring Data repository scanning in 142 ms. Found 2 JPA repository interfaces.
2023-08-31T16:38:52.868+03:00  INFO 8340 --- [restartedMain] o.s.b.w.embedded.tomcat.TomcatWebServer  : Tomcat initialized with port(s): 8080 (http)
2023-08-31T16:38:52.936+03:00  INFO 8340 --- [restartedMain] o.apache.catalina.core.StandardService   : Starting service [Tomcat]
2023-08-31T16:38:52.937+03:00  INFO 8340 --- [restartedMain] o.apache.catalina.core.StandardEngine    : Starting Servlet engine: [Apache Tomcat/10.1.12]
2023-08-31T16:38:53.404+03:00  INFO 8340 --- [restartedMain] o.a.c.c.C.[Tomcat].[localhost].[/]       : Initializing Spring embedded WebApplicationContext
2023-08-31T16:38:53.407+03:00  INFO 8340 --- [restartedMain] w.s.c.ServletWebServerApplicationContext : Root WebApplicationContext: initialization completed in 5087 ms
2023-08-31T16:38:54.428+03:00  INFO 8340 --- [restartedMain] o.hibernate.jpa.internal.util.LogHelper  : HHH000204: Processing PersistenceUnitInfo [name: default]
2023-08-31T16:38:55.080+03:00  INFO 8340 --- [restartedMain] org.hibernate.Version                    : HHH000412: Hibernate ORM core version 6.2.7.Final
2023-08-31T16:38:55.107+03:00  INFO 8340 --- [restartedMain] org.hibernate.cfg.Environment            : HHH000406: Using bytecode reflection optimizer
2023-08-31T16:38:56.244+03:00  INFO 8340 --- [restartedMain] o.h.b.i.BytecodeProviderInitiator        : HHH000021: Bytecode provider name : bytebuddy
2023-08-31T16:38:56.505+03:00  INFO 8340 --- [restartedMain] o.s.o.j.p.SpringPersistenceUnitInfo      : No LoadTimeWeaver setup: ignoring JPA class transformer
2023-08-31T16:38:56.535+03:00  INFO 8340 --- [restartedMain] com.zaxxer.hikari.HikariDataSource       : HikariPool-1 - Starting...
2023-08-31T16:38:56.976+03:00  INFO 8340 --- [restartedMain] com.zaxxer.hikari.pool.HikariPool        : HikariPool-1 - Added connection com.mysql.cj.jdbc.ConnectionImpl@49828d47
2023-08-31T16:38:56.978+03:00  INFO 8340 --- [restartedMain] com.zaxxer.hikari.HikariDataSource       : HikariPool-1 - Start completed.
2023-08-31T16:38:57.781+03:00  INFO 8340 --- [restartedMain] o.h.b.i.BytecodeProviderInitiator        : HHH000021: Bytecode provider name : bytebuddy
2023-08-31T16:38:59.308+03:00  INFO 8340 --- [restartedMain] o.h.e.t.j.p.i.JtaPlatformInitiator       : HHH000490: Using JtaPlatform implementation: [org.hibernate.engine.transaction.jta.platform.internal.NoJtaPlatform]
2023-08-31T16:38:59.575+03:00  INFO 8340 --- [restartedMain] j.LocalContainerEntityManagerFactoryBean : Initialized JPA EntityManagerFactory for persistence unit 'default'
2023-08-31T16:39:04.228+03:00  WARN 8340 --- [restartedMain] JpaBaseConfiguration$JpaWebConfiguration : spring.jpa.open-in-view is enabled by default. Therefore, database queries may be performed during view rendering. Explicitly configure spring.jpa.open-in-view to disable this warning
2023-08-31T16:39:06.495+03:00  INFO 8340 --- [restartedMain] o.s.s.web.DefaultSecurityFilterChain     : Will secure any request with [org.springframework.security.web.session.DisableEncodeUrlFilter@410f1e40, org.springframework.security.web.context.request.async.WebAsyncManagerIntegrationFilter@758bf924, org.springframework.security.web.context.SecurityContextHolderFilter@5c01163e, org.springframework.security.web.header.HeaderWriterFilter@29418c22, org.springframework.security.web.authentication.logout.LogoutFilter@750fafb8, com.rustemsarica.ATMProject.security.jwt.JwtRequestFilter@64a588b, org.springframework.security.web.savedrequest.RequestCacheAwareFilter@40875132, org.springframework.security.web.servletapi.SecurityContextHolderAwareRequestFilter@28ce8c0f, org.springframework.security.web.authentication.AnonymousAuthenticationFilter@494478ea, org.springframework.security.web.session.SessionManagementFilter@7f96aab5, org.springframework.security.web.access.ExceptionTranslationFilter@38ac0262, org.springframework.security.web.access.intercept.AuthorizationFilter@357e483]
2023-08-31T16:39:08.468+03:00  INFO 8340 --- [restartedMain] o.s.b.d.a.OptionalLiveReloadServer       : LiveReload server is running on port 35729
2023-08-31T16:39:08.649+03:00  INFO 8340 --- [restartedMain] o.s.b.w.embedded.tomcat.TomcatWebServer  : Tomcat started on port(s): 8080 (http) with context path ''
2023-08-31T16:39:08.681+03:00  INFO 8340 --- [restartedMain] c.r.ATMProject.AtmProjectApplication     : Started AtmProjectApplication in 23.076 seconds (process running for 23.765)
2023-08-31T16:41:07.276+03:00  INFO 8340 --- [File Watcher] rtingClassPathChangeChangedEventListener : Restarting due to 1 class path change (0 additions, 0 deletions, 1 modification)
2023-08-31T16:41:07.294+03:00  INFO 8340 --- [Thread-17] o.apache.catalina.core.StandardService   : Stopping service [Tomcat]
2023-08-31T16:41:07.298+03:00  WARN 8340 --- [Thread-17] o.a.c.loader.WebappClassLoaderBase       : The web application [ROOT] appears to have started a thread named [HikariPool-1 housekeeper] but has failed to stop it. This is very likely to create a memory leak. Stack trace of thread:
 java.base@17.0.7/jdk.internal.misc.Unsafe.park(Native Method)
 java.base@17.0.7/java.util.concurrent.locks.LockSupport.parkNanos(Unknown Source)
 java.base@17.0.7/java.util.concurrent.locks.AbstractQueuedSynchronizer$ConditionObject.awaitNanos(Unknown Source)
 java.base@17.0.7/java.util.concurrent.ScheduledThreadPoolExecutor$DelayedWorkQueue.take(Unknown Source)
 java.base@17.0.7/java.util.concurrent.ScheduledThreadPoolExecutor$DelayedWorkQueue.take(Unknown Source)
 java.base@17.0.7/java.util.concurrent.ThreadPoolExecutor.getTask(Unknown Source)
 java.base@17.0.7/java.util.concurrent.ThreadPoolExecutor.runWorker(Unknown Source)
 java.base@17.0.7/java.util.concurrent.ThreadPoolExecutor$Worker.run(Unknown Source)
 java.base@17.0.7/java.lang.Thread.run(Unknown Source)
2023-08-31T16:41:07.305+03:00  INFO 8340 --- [Thread-17] j.LocalContainerEntityManagerFactoryBean : Closing JPA EntityManagerFactory for persistence unit 'default'
2023-08-31T16:41:07.309+03:00  WARN 8340 --- [Thread-17] o.s.b.f.support.DisposableBeanAdapter    : Invocation of destroy method failed on bean with name 'inMemoryDatabaseShutdownExecutor': org.springframework.boot.autoconfigure.jdbc.DataSourceProperties$DataSourceBeanCreationException: Failed to determine a suitable driver class
2023-08-31T16:41:07.311+03:00  INFO 8340 --- [Thread-17] com.zaxxer.hikari.HikariDataSource       : HikariPool-1 - Shutdown initiated...
2023-08-31T16:41:07.329+03:00  INFO 8340 --- [Thread-17] com.zaxxer.hikari.HikariDataSource       : HikariPool-1 - Shutdown completed.
2023-08-31T16:41:07.424+03:00  INFO 8340 --- [restartedMain] c.r.ATMProject.AtmProjectApplication     : Starting AtmProjectApplication using Java 17.0.7 with PID 8340 (C:\Users\Rustem\Desktop\ATMProject\target\classes started by Rustem in C:\Users\Rustem\Desktop\ATMProject)
2023-08-31T16:41:07.425+03:00  INFO 8340 --- [restartedMain] c.r.ATMProject.AtmProjectApplication     : No active profile set, falling back to 1 default profile: "default"
2023-08-31T16:41:07.429+03:00  INFO 8340 --- [restartedMain] .s.b.d.c.l.DockerComposeLifecycleManager : Using Docker Compose file 'C:\Users\Rustem\Desktop\ATMProject\compose.yaml'
2023-08-31T16:41:08.736+03:00  INFO 8340 --- [restartedMain] .s.d.r.c.RepositoryConfigurationDelegate : Bootstrapping Spring Data JPA repositories in DEFAULT mode.
2023-08-31T16:41:08.769+03:00  INFO 8340 --- [restartedMain] .s.d.r.c.RepositoryConfigurationDelegate : Finished Spring Data repository scanning in 32 ms. Found 2 JPA repository interfaces.
2023-08-31T16:41:09.105+03:00  INFO 8340 --- [restartedMain] o.s.b.w.embedded.tomcat.TomcatWebServer  : Tomcat initialized with port(s): 8080 (http)
2023-08-31T16:41:09.106+03:00  INFO 8340 --- [restartedMain] o.apache.catalina.core.StandardService   : Starting service [Tomcat]
2023-08-31T16:41:09.106+03:00  INFO 8340 --- [restartedMain] o.apache.catalina.core.StandardEngine    : Starting Servlet engine: [Apache Tomcat/10.1.12]
2023-08-31T16:41:09.133+03:00  INFO 8340 --- [restartedMain] o.a.c.c.C.[Tomcat].[localhost].[/]       : Initializing Spring embedded WebApplicationContext
2023-08-31T16:41:09.134+03:00  INFO 8340 --- [restartedMain] w.s.c.ServletWebServerApplicationContext : Root WebApplicationContext: initialization completed in 732 ms
2023-08-31T16:41:09.332+03:00  INFO 8340 --- [restartedMain] o.hibernate.jpa.internal.util.LogHelper  : HHH000204: Processing PersistenceUnitInfo [name: default]
2023-08-31T16:41:09.342+03:00  INFO 8340 --- [restartedMain] o.h.b.i.BytecodeProviderInitiator        : HHH000021: Bytecode provider name : bytebuddy
2023-08-31T16:41:09.343+03:00  INFO 8340 --- [restartedMain] o.s.o.j.p.SpringPersistenceUnitInfo      : No LoadTimeWeaver setup: ignoring JPA class transformer
2023-08-31T16:41:09.344+03:00  INFO 8340 --- [restartedMain] com.zaxxer.hikari.HikariDataSource       : HikariPool-2 - Starting...
2023-08-31T16:41:09.375+03:00  INFO 8340 --- [restartedMain] com.zaxxer.hikari.pool.HikariPool        : HikariPool-2 - Added connection com.mysql.cj.jdbc.ConnectionImpl@2375c10b
2023-08-31T16:41:09.376+03:00  INFO 8340 --- [restartedMain] com.zaxxer.hikari.HikariDataSource       : HikariPool-2 - Start completed.
2023-08-31T16:41:09.470+03:00  INFO 8340 --- [restartedMain] o.h.b.i.BytecodeProviderInitiator        : HHH000021: Bytecode provider name : bytebuddy
2023-08-31T16:41:09.576+03:00  INFO 8340 --- [restartedMain] o.h.e.t.j.p.i.JtaPlatformInitiator       : HHH000490: Using JtaPlatform implementation: [org.hibernate.engine.transaction.jta.platform.internal.NoJtaPlatform]
2023-08-31T16:41:09.707+03:00  INFO 8340 --- [restartedMain] j.LocalContainerEntityManagerFactoryBean : Initialized JPA EntityManagerFactory for persistence unit 'default'
2023-08-31T16:41:10.202+03:00  WARN 8340 --- [restartedMain] JpaBaseConfiguration$JpaWebConfiguration : spring.jpa.open-in-view is enabled by default. Therefore, database queries may be performed during view rendering. Explicitly configure spring.jpa.open-in-view to disable this warning
2023-08-31T16:41:10.783+03:00  INFO 8340 --- [restartedMain] o.s.s.web.DefaultSecurityFilterChain     : Will secure any request with [org.springframework.security.web.session.DisableEncodeUrlFilter@1da3d425, org.springframework.security.web.context.request.async.WebAsyncManagerIntegrationFilter@57a32020, org.springframework.security.web.context.SecurityContextHolderFilter@60623139, org.springframework.security.web.header.HeaderWriterFilter@4f406688, org.springframework.security.web.authentication.logout.LogoutFilter@78265d8c, com.rustemsarica.ATMProject.security.jwt.JwtRequestFilter@1e5efa8e, org.springframework.security.web.savedrequest.RequestCacheAwareFilter@2d35bad, org.springframework.security.web.servletapi.SecurityContextHolderAwareRequestFilter@4e6b0959, org.springframework.security.web.authentication.AnonymousAuthenticationFilter@3408bd0d, org.springframework.security.web.session.SessionManagementFilter@4da14631, org.springframework.security.web.access.ExceptionTranslationFilter@143ecdbd, org.springframework.security.web.access.intercept.AuthorizationFilter@76079398]
2023-08-31T16:41:11.021+03:00  INFO 8340 --- [restartedMain] o.s.b.d.a.OptionalLiveReloadServer       : LiveReload server is running on port 35729
2023-08-31T16:41:11.038+03:00  INFO 8340 --- [restartedMain] o.s.b.w.embedded.tomcat.TomcatWebServer  : Tomcat started on port(s): 8080 (http) with context path ''
2023-08-31T16:41:11.043+03:00  INFO 8340 --- [restartedMain] c.r.ATMProject.AtmProjectApplication     : Started AtmProjectApplication in 3.649 seconds (process running for 146.127)
2023-08-31T16:41:11.054+03:00  INFO 8340 --- [restartedMain] .ConditionEvaluationDeltaLoggingListener : Condition evaluation unchanged
2023-08-31T16:41:15.523+03:00  INFO 8340 --- [File Watcher] rtingClassPathChangeChangedEventListener : Restarting due to 1 class path change (0 additions, 0 deletions, 1 modification)
2023-08-31T16:41:15.535+03:00  INFO 8340 --- [Thread-19] o.apache.catalina.core.StandardService   : Stopping service [Tomcat]
2023-08-31T16:41:15.537+03:00  WARN 8340 --- [Thread-19] o.a.c.loader.WebappClassLoaderBase       : The web application [ROOT] appears to have started a thread named [HikariPool-2 housekeeper] but has failed to stop it. This is very likely to create a memory leak. Stack trace of thread:
 java.base@17.0.7/jdk.internal.misc.Unsafe.park(Native Method)
 java.base@17.0.7/java.util.concurrent.locks.LockSupport.parkNanos(Unknown Source)
 java.base@17.0.7/java.util.concurrent.locks.AbstractQueuedSynchronizer$ConditionObject.awaitNanos(Unknown Source)
 java.base@17.0.7/java.util.concurrent.ScheduledThreadPoolExecutor$DelayedWorkQueue.take(Unknown Source)
 java.base@17.0.7/java.util.concurrent.ScheduledThreadPoolExecutor$DelayedWorkQueue.take(Unknown Source)
 java.base@17.0.7/java.util.concurrent.ThreadPoolExecutor.getTask(Unknown Source)
 java.base@17.0.7/java.util.concurrent.ThreadPoolExecutor.runWorker(Unknown Source)
 java.base@17.0.7/java.util.concurrent.ThreadPoolExecutor$Worker.run(Unknown Source)
 java.base@17.0.7/java.lang.Thread.run(Unknown Source)
2023-08-31T16:41:15.541+03:00  INFO 8340 --- [Thread-19] j.LocalContainerEntityManagerFactoryBean : Closing JPA EntityManagerFactory for persistence unit 'default'
2023-08-31T16:41:15.543+03:00  WARN 8340 --- [Thread-19] o.s.b.f.support.DisposableBeanAdapter    : Invocation of destroy method failed on bean with name 'inMemoryDatabaseShutdownExecutor': org.springframework.boot.autoconfigure.jdbc.DataSourceProperties$DataSourceBeanCreationException: Failed to determine a suitable driver class
2023-08-31T16:41:15.543+03:00  INFO 8340 --- [Thread-19] com.zaxxer.hikari.HikariDataSource       : HikariPool-2 - Shutdown initiated...
2023-08-31T16:41:15.558+03:00  INFO 8340 --- [Thread-19] com.zaxxer.hikari.HikariDataSource       : HikariPool-2 - Shutdown completed.
2023-08-31T16:41:15.674+03:00 ERROR 8340 --- [restartedMain] o.s.boot.SpringApplication               : Application run failed

java.lang.IllegalArgumentException: String value [10M] is not in the expected format.
	at ch.qos.logback.core.util.FileSize.valueOf(FileSize.java:80) ~[logback-core-1.4.11.jar:1.4.11]
	at org.springframework.boot.logging.logback.LogbackLoggingSystemProperties.getProperty(LogbackLoggingSystemProperties.java:142) ~[spring-boot-3.1.3.jar:3.1.3]
	at org.springframework.boot.logging.logback.LogbackLoggingSystemProperties.applyRollingPolicy(LogbackLoggingSystemProperties.java:124) ~[spring-boot-3.1.3.jar:3.1.3]
	at org.springframework.boot.logging.logback.LogbackLoggingSystemProperties.applyRollingPolicyProperties(LogbackLoggingSystemProperties.java:107) ~[spring-boot-3.1.3.jar:3.1.3]
	at org.springframework.boot.logging.logback.LogbackLoggingSystemProperties.apply(LogbackLoggingSystemProperties.java:93) ~[spring-boot-3.1.3.jar:3.1.3]
	at org.springframework.boot.logging.LoggingSystemProperties.apply(LoggingSystemProperties.java:144) ~[spring-boot-3.1.3.jar:3.1.3]
	at org.springframework.boot.logging.LoggingSystemProperties.apply(LoggingSystemProperties.java:139) ~[spring-boot-3.1.3.jar:3.1.3]
	at org.springframework.boot.context.logging.LoggingApplicationListener.initialize(LoggingApplicationListener.java:291) ~[spring-boot-3.1.3.jar:3.1.3]
	at org.springframework.boot.context.logging.LoggingApplicationListener.onApplicationEnvironmentPreparedEvent(LoggingApplicationListener.java:246) ~[spring-boot-3.1.3.jar:3.1.3]
	at org.springframework.boot.context.logging.LoggingApplicationListener.onApplicationEvent(LoggingApplicationListener.java:223) ~[spring-boot-3.1.3.jar:3.1.3]
	at org.springframework.context.event.SimpleApplicationEventMulticaster.doInvokeListener(SimpleApplicationEventMulticaster.java:172) ~[spring-context-6.0.11.jar:6.0.11]
	at org.springframework.context.event.SimpleApplicationEventMulticaster.invokeListener(SimpleApplicationEventMulticaster.java:165) ~[spring-context-6.0.11.jar:6.0.11]
	at org.springframework.context.event.SimpleApplicationEventMulticaster.multicastEvent(SimpleApplicationEventMulticaster.java:143) ~[spring-context-6.0.11.jar:6.0.11]
	at org.springframework.context.event.SimpleApplicationEventMulticaster.multicastEvent(SimpleApplicationEventMulticaster.java:131) ~[spring-context-6.0.11.jar:6.0.11]
	at org.springframework.boot.context.event.EventPublishingRunListener.multicastInitialEvent(EventPublishingRunListener.java:136) ~[spring-boot-3.1.3.jar:3.1.3]
	at org.springframework.boot.context.event.EventPublishingRunListener.environmentPrepared(EventPublishingRunListener.java:81) ~[spring-boot-3.1.3.jar:3.1.3]
	at org.springframework.boot.SpringApplicationRunListeners.lambda$environmentPrepared$2(SpringApplicationRunListeners.java:64) ~[spring-boot-3.1.3.jar:3.1.3]
	at java.base/java.lang.Iterable.forEach(Unknown Source) ~[na:na]
	at org.springframework.boot.SpringApplicationRunListeners.doWithListeners(SpringApplicationRunListeners.java:118) ~[spring-boot-3.1.3.jar:3.1.3]
	at org.springframework.boot.SpringApplicationRunListeners.doWithListeners(SpringApplicationRunListeners.java:112) ~[spring-boot-3.1.3.jar:3.1.3]
	at org.springframework.boot.SpringApplicationRunListeners.environmentPrepared(SpringApplicationRunListeners.java:63) ~[spring-boot-3.1.3.jar:3.1.3]
	at org.springframework.boot.SpringApplication.prepareEnvironment(SpringApplication.java:356) ~[spring-boot-3.1.3.jar:3.1.3]
	at org.springframework.boot.SpringApplication.run(SpringApplication.java:307) ~[spring-boot-3.1.3.jar:3.1.3]
	at org.springframework.boot.SpringApplication.run(SpringApplication.java:1306) ~[spring-boot-3.1.3.jar:3.1.3]
	at org.springframework.boot.SpringApplication.run(SpringApplication.java:1295) ~[spring-boot-3.1.3.jar:3.1.3]
	at com.rustemsarica.ATMProject.AtmProjectApplication.main(AtmProjectApplication.java:14) ~[classes/:na]
	at java.base/jdk.internal.reflect.NativeMethodAccessorImpl.invoke0(Native Method) ~[na:na]
	at java.base/jdk.internal.reflect.NativeMethodAccessorImpl.invoke(Unknown Source) ~[na:na]
	at java.base/jdk.internal.reflect.DelegatingMethodAccessorImpl.invoke(Unknown Source) ~[na:na]
	at java.base/java.lang.reflect.Method.invoke(Unknown Source) ~[na:na]
	at org.springframework.boot.devtools.restart.RestartLauncher.run(RestartLauncher.java:50) ~[spring-boot-devtools-3.1.3.jar:3.1.3]

